F:\C++\VOCABULARYTREE\VOCABULARYTREE\X64\RELEASE\VOCABULARYTREE.OBJ
F:\C++\VOCABULARYTREE\VOCABULARYTREE\X64\RELEASE\UTILS.OBJ
F:\C++\VOCABULARYTREE\VOCABULARYTREE\X64\RELEASE\SIFT.OBJ
F:\C++\VOCABULARYTREE\VOCABULARYTREE\X64\RELEASE\MAIN.OBJ
F:\C++\VOCABULARYTREE\VOCABULARYTREE\X64\RELEASE\VC110.PDB
F:\C++\VOCABULARYTREE\VOCABULARYTREE\X64\RELEASE\IMAGERETRIVER.OBJ
F:\C++\VOCABULARYTREE\VOCABULARYTREE\X64\RELEASE\COMMON.OBJ
F:\C++\VOCABULARYTREE\X64\RELEASE\VOCABULARYTREE.ILK
F:\C++\VOCABULARYTREE\X64\RELEASE\VOCABULARYTREE.EXE
F:\C++\VOCABULARYTREE\X64\RELEASE\VOCABULARYTREE.PDB
F:\C++\VocabularyTree\VocabularyTree\x64\Release\common.obj
F:\C++\VocabularyTree\VocabularyTree\x64\Release\imageRetriver.obj
F:\C++\VocabularyTree\VocabularyTree\x64\Release\main.obj
F:\C++\VocabularyTree\VocabularyTree\x64\Release\sift.obj
F:\C++\VocabularyTree\VocabularyTree\x64\Release\utils.obj
F:\C++\VocabularyTree\VocabularyTree\x64\Release\VocabularyTree.obj
F:\C++\VocabularyTree\VocabularyTree\x64\Release\cl.command.1.tlog
F:\C++\VocabularyTree\VocabularyTree\x64\Release\CL.read.1.tlog
F:\C++\VocabularyTree\VocabularyTree\x64\Release\CL.write.1.tlog
F:\C++\VocabularyTree\VocabularyTree\x64\Release\link-cvtres.read.1.tlog
F:\C++\VocabularyTree\VocabularyTree\x64\Release\link-cvtres.write.1.tlog
F:\C++\VocabularyTree\VocabularyTree\x64\Release\link-rc.read.1.tlog
F:\C++\VocabularyTree\VocabularyTree\x64\Release\link-rc.write.1.tlog
F:\C++\VocabularyTree\VocabularyTree\x64\Release\link.2024-cvtres.read.1.tlog
F:\C++\VocabularyTree\VocabularyTree\x64\Release\link.2024-cvtres.write.1.tlog
F:\C++\VocabularyTree\VocabularyTree\x64\Release\link.2024-rc.read.1.tlog
F:\C++\VocabularyTree\VocabularyTree\x64\Release\link.2024-rc.write.1.tlog
F:\C++\VocabularyTree\VocabularyTree\x64\Release\link.2024.read.1.tlog
F:\C++\VocabularyTree\VocabularyTree\x64\Release\link.2024.write.1.tlog
F:\C++\VocabularyTree\VocabularyTree\x64\Release\link.command.1.tlog
F:\C++\VocabularyTree\VocabularyTree\x64\Release\link.read.1.tlog
F:\C++\VocabularyTree\VocabularyTree\x64\Release\link.write.1.tlog
F:\C++\VocabularyTree\VocabularyTree\x64\Release\vc110.pdb
F:\C++\VocabularyTree\x64\Release\VocabularyTree.pdb
F:\C++\VocabularyTree\x64\Release\VocabularyTree.exe
F:\C++\VocabularyTree\x64\Release\VocabularyTree.ilk
