  common.cpp
  imageRetriver.cpp
E:\opencv\opencv4\build\include\opencv2\imgcodecs\imgcodecs_c.h(1,1): fatal error C1189: #error:  "This header with legacy C API declarations has been removed from OpenCV. Legacy constants are available from legacy/constants_c.h file."
  main.cpp
  sift.cpp
  utils.cpp
D:\opencv\VocabularyTree\VocabularyTree-master\VocabularyTree\utils.h(34,30): error C2065: “IplImage”: 未声明的标识符
D:\opencv\VocabularyTree\VocabularyTree-master\VocabularyTree\utils.h(34,40): error C2065: “img”: 未声明的标识符
D:\opencv\VocabularyTree\VocabularyTree-master\VocabularyTree\utils.h(34,45): error C2062: 意外的类型“int”
D:\opencv\VocabularyTree\VocabularyTree-master\VocabularyTree\utils.h(35,1): error C2143: 语法错误: 缺少“;”(在“{”的前面)
D:\opencv\VocabularyTree\VocabularyTree-master\VocabularyTree\utils.h(35,1): error C2447: “{”: 缺少函数标题(是否是老式的形式表?)
D:\opencv\VocabularyTree\VocabularyTree-master\VocabularyTree\utils.h(48,31): error C2065: “IplImage”: 未声明的标识符
D:\opencv\VocabularyTree\VocabularyTree-master\VocabularyTree\utils.h(48,41): error C2065: “img”: 未声明的标识符
D:\opencv\VocabularyTree\VocabularyTree-master\VocabularyTree\utils.h(48,46): error C2062: 意外的类型“int”
D:\opencv\VocabularyTree\VocabularyTree-master\VocabularyTree\utils.h(49,1): error C2143: 语法错误: 缺少“;”(在“{”的前面)
D:\opencv\VocabularyTree\VocabularyTree-master\VocabularyTree\utils.h(49,1): error C2447: “{”: 缺少函数标题(是否是老式的形式表?)
D:\opencv\VocabularyTree\VocabularyTree-master\VocabularyTree\utils.h(62,34): error C2065: “IplImage”: 未声明的标识符
D:\opencv\VocabularyTree\VocabularyTree-master\VocabularyTree\utils.h(62,44): error C2065: “img”: 未声明的标识符
D:\opencv\VocabularyTree\VocabularyTree-master\VocabularyTree\utils.h(62,49): error C2062: 意外的类型“int”
D:\opencv\VocabularyTree\VocabularyTree-master\VocabularyTree\utils.h(63,1): error C2143: 语法错误: 缺少“;”(在“{”的前面)
D:\opencv\VocabularyTree\VocabularyTree-master\VocabularyTree\utils.h(63,1): error C2447: “{”: 缺少函数标题(是否是老式的形式表?)
D:\opencv\VocabularyTree\VocabularyTree-master\VocabularyTree\utils.h(76,33): error C2065: “IplImage”: 未声明的标识符
D:\opencv\VocabularyTree\VocabularyTree-master\VocabularyTree\utils.h(76,43): error C2065: “img”: 未声明的标识符
D:\opencv\VocabularyTree\VocabularyTree-master\VocabularyTree\utils.h(76,48): error C2062: 意外的类型“int”
D:\opencv\VocabularyTree\VocabularyTree-master\VocabularyTree\utils.h(77,1): error C2143: 语法错误: 缺少“;”(在“{”的前面)
D:\opencv\VocabularyTree\VocabularyTree-master\VocabularyTree\utils.h(77,1): error C2447: “{”: 缺少函数标题(是否是老式的形式表?)
D:\opencv\VocabularyTree\VocabularyTree-master\VocabularyTree\utils.h(90,35): error C2065: “IplImage”: 未声明的标识符
D:\opencv\VocabularyTree\VocabularyTree-master\VocabularyTree\utils.h(90,45): error C2065: “img”: 未声明的标识符
D:\opencv\VocabularyTree\VocabularyTree-master\VocabularyTree\utils.h(90,50): error C2062: 意外的类型“int”
D:\opencv\VocabularyTree\VocabularyTree-master\VocabularyTree\utils.h(91,1): error C2143: 语法错误: 缺少“;”(在“{”的前面)
D:\opencv\VocabularyTree\VocabularyTree-master\VocabularyTree\utils.h(91,1): error C2447: “{”: 缺少函数标题(是否是老式的形式表?)
D:\opencv\VocabularyTree\VocabularyTree-master\VocabularyTree\utils.h(104,33): error C2065: “IplImage”: 未声明的标识符
D:\opencv\VocabularyTree\VocabularyTree-master\VocabularyTree\utils.h(104,43): error C2065: “img”: 未声明的标识符
D:\opencv\VocabularyTree\VocabularyTree-master\VocabularyTree\utils.h(104,48): error C2062: 意外的类型“int”
D:\opencv\VocabularyTree\VocabularyTree-master\VocabularyTree\utils.h(105,1): error C2143: 语法错误: 缺少“;”(在“{”的前面)
D:\opencv\VocabularyTree\VocabularyTree-master\VocabularyTree\utils.h(105,1): error C2447: “{”: 缺少函数标题(是否是老式的形式表?)
D:\opencv\VocabularyTree\VocabularyTree-master\VocabularyTree\utils.h(189,27): error C2065: “CvPoint2D64f”: 未声明的标识符
D:\opencv\VocabularyTree\VocabularyTree-master\VocabularyTree\utils.h(189,40): error C2146: 语法错误: 缺少“)”(在标识符“p1”的前面)
D:\opencv\VocabularyTree\VocabularyTree-master\VocabularyTree\utils.h(201,21): error C2065: “IplImage”: 未声明的标识符
D:\opencv\VocabularyTree\VocabularyTree-master\VocabularyTree\utils.h(201,31): error C2065: “img”: 未声明的标识符
D:\opencv\VocabularyTree\VocabularyTree-master\VocabularyTree\utils.h(201,36): error C2065: “CvPoint”: 未声明的标识符
D:\opencv\VocabularyTree\VocabularyTree-master\VocabularyTree\utils.h(201,44): error C2146: 语法错误: 缺少“)”(在标识符“pt”的前面)
D:\opencv\VocabularyTree\VocabularyTree-master\VocabularyTree\utils.h(212,16): error C2143: 语法错误: 缺少“;”(在“*”的前面)
D:\opencv\VocabularyTree\VocabularyTree-master\VocabularyTree\utils.h(212,16): error C4430: 缺少类型说明符 - 假定为 int。注意: C++ 不支持默认 int
D:\opencv\VocabularyTree\VocabularyTree-master\VocabularyTree\utils.h(212,40): error C2065: “img1”: 未声明的标识符
D:\opencv\VocabularyTree\VocabularyTree-master\VocabularyTree\utils.h(212,56): error C2065: “img2”: 未声明的标识符
D:\opencv\VocabularyTree\VocabularyTree-master\VocabularyTree\utils.h(212,61): error C4430: 缺少类型说明符 - 假定为 int。注意: C++ 不支持默认 int
D:\opencv\VocabularyTree\VocabularyTree-master\VocabularyTree\utils.h(234,34): error C2065: “imgs”: 未声明的标识符
D:\opencv\VocabularyTree\VocabularyTree-master\VocabularyTree\utils.h(234,40): error C2062: 意外的类型“int”
E:\opencv\opencv4\build\include\opencv2\core\types_c.h(314,34): error C2378: “IplImage”: 重定义；符号不能由 typedef 重载
D:\opencv\VocabularyTree\VocabularyTree-master\VocabularyTree\utils.h(212): message : 参见“IplImage”的声明
E:\opencv\opencv4\build\include\opencv2\core\types_c.h(369,9): error C2378: “IplImage”: 重定义；符号不能由 typedef 重载
D:\opencv\VocabularyTree\VocabularyTree-master\VocabularyTree\utils.h(212): message : 参见“IplImage”的声明
E:\opencv\opencv4\build\include\opencv2\core\types_c.h(371,11): error C7525: 内联变量至少需要 "/std:c++17"
E:\opencv\opencv4\build\include\opencv2\core\types_c.h(371,30): error C4430: 缺少类型说明符 - 假定为 int。注意: C++ 不支持默认 int
E:\opencv\opencv4\build\include\opencv2\core\types_c.h(371,11): error C2370: “IplImage”: 重定义；不同的存储类
D:\opencv\VocabularyTree\VocabularyTree-master\VocabularyTree\utils.h(212): message : 参见“IplImage”的声明
E:\opencv\opencv4\build\include\opencv2\core\types_c.h(371,20): error C2146: 语法错误: 缺少“;”(在标识符“cvIplImage”的前面)
E:\opencv\opencv4\build\include\opencv2\core\types_c.h(372,1): error C4430: 缺少类型说明符 - 假定为 int。注意: C++ 不支持默认 int
E:\opencv\opencv4\build\include\opencv2\core\types_c.h(374,14): error C2146: 语法错误: 缺少“;”(在标识符“self”的前面)
E:\opencv\opencv4\build\include\opencv2\core\types_c.h(374,14): error C2065: “self”: 未声明的标识符
E:\opencv\opencv4\build\include\opencv2\core\types_c.h(374,21): error C3079: 初始值设定项列表不能用作此赋值运算符的正确操作数
E:\opencv\opencv4\build\include\opencv2\core\types_c.h(374,44): error C2065: “self”: 未声明的标识符
E:\opencv\opencv4\build\include\opencv2\core\types_c.h(374,82): error C2065: “self”: 未声明的标识符
E:\opencv\opencv4\build\include\opencv2\core\core_c.h(97,1): error C2143: 语法错误: 缺少“;”(在“*”的前面)
E:\opencv\opencv4\build\include\opencv2\core\core_c.h(97,1): error C4430: 缺少类型说明符 - 假定为 int。注意: C++ 不支持默认 int
E:\opencv\opencv4\build\include\opencv2\core\core_c.h(97,78): error C4430: 缺少类型说明符 - 假定为 int。注意: C++ 不支持默认 int
E:\opencv\opencv4\build\include\opencv2\core\core_c.h(109,1): error C2143: 语法错误: 缺少“;”(在“*”的前面)
E:\opencv\opencv4\build\include\opencv2\core\core_c.h(109,1): error C4430: 缺少类型说明符 - 假定为 int。注意: C++ 不支持默认 int
E:\opencv\opencv4\build\include\opencv2\core\core_c.h(109,47): error C2065: “image”: 未声明的标识符
E:\opencv\opencv4\build\include\opencv2\core\core_c.h(109,54): error C2275: “CvSize”: 将此类型用作表达式非法
E:\opencv\opencv4\build\include\opencv2\core\types_c.h(1173): message : 参见“CvSize”的声明
E:\opencv\opencv4\build\include\opencv2\core\core_c.h(109,61): error C2146: 语法错误: 缺少“)”(在标识符“size”的前面)
E:\opencv\opencv4\build\include\opencv2\core\core_c.h(125,1): error C2143: 语法错误: 缺少“;”(在“*”的前面)
E:\opencv\opencv4\build\include\opencv2\core\core_c.h(125,1): error C4430: 缺少类型说明符 - 假定为 int。注意: C++ 不支持默认 int
E:\opencv\opencv4\build\include\opencv2\core\core_c.h(125,72): error C4430: 缺少类型说明符 - 假定为 int。注意: C++ 不支持默认 int
E:\opencv\opencv4\build\include\opencv2\core\core_c.h(140,47): error C2065: “image”: 未声明的标识符
E:\opencv\opencv4\build\include\opencv2\core\core_c.h(140,53): warning C4229: 使用了记时错误: 忽略数据上的修饰符
E:\opencv\opencv4\build\include\opencv2\core\core_c.h(140,14): error C2182: “cvReleaseImageHeader”: 非法使用“void”类型
E:\opencv\opencv4\build\include\opencv2\core\core_c.h(154,41): error C2065: “image”: 未声明的标识符
E:\opencv\opencv4\build\include\opencv2\core\core_c.h(154,47): warning C4229: 使用了记时错误: 忽略数据上的修饰符
E:\opencv\opencv4\build\include\opencv2\core\core_c.h(154,14): error C2182: “cvReleaseImage”: 非法使用“void”类型
E:\opencv\opencv4\build\include\opencv2\core\core_c.h(157,1): error C2143: 语法错误: 缺少“;”(在“*”的前面)
E:\opencv\opencv4\build\include\opencv2\core\core_c.h(157,1): error C4430: 缺少类型说明符 - 假定为 int。注意: C++ 不支持默认 int
E:\opencv\opencv4\build\include\opencv2\core\core_c.h(157,46): error C4430: 缺少类型说明符 - 假定为 int。注意: C++ 不支持默认 int
E:\opencv\opencv4\build\include\opencv2\core\core_c.h(157,46): error C2143: 语法错误: 缺少“,”(在“*”的前面)
E:\opencv\opencv4\build\include\opencv2\core\core_c.h(157,55): error C4430: 缺少类型说明符 - 假定为 int。注意: C++ 不支持默认 int
E:\opencv\opencv4\build\include\opencv2\core\core_c.h(169,39): error C2065: “image”: 未声明的标识符
E:\opencv\opencv4\build\include\opencv2\core\core_c.h(169,46): error C2062: 意外的类型“int”
E:\opencv\opencv4\build\include\opencv2\core\core_c.h(177,42): error C4430: 缺少类型说明符 - 假定为 int。注意: C++ 不支持默认 int
E:\opencv\opencv4\build\include\opencv2\core\core_c.h(177,42): error C2143: 语法错误: 缺少“,”(在“*”的前面)
E:\opencv\opencv4\build\include\opencv2\core\core_c.h(190,39): error C2065: “image”: 未声明的标识符
E:\opencv\opencv4\build\include\opencv2\core\core_c.h(190,46): error C2275: “CvRect”: 将此类型用作表达式非法
E:\opencv\opencv4\build\include\opencv2\core\types_c.h(847): message : 参见“CvRect”的声明
E:\opencv\opencv4\build\include\opencv2\core\core_c.h(190,53): error C2146: 语法错误: 缺少“)”(在标识符“rect”的前面)
E:\opencv\opencv4\build\include\opencv2\core\core_c.h(201,41): error C2065: “image”: 未声明的标识符
E:\opencv\opencv4\build\include\opencv2\core\core_c.h(201,47): warning C4229: 使用了记时错误: 忽略数据上的修饰符
E:\opencv\opencv4\build\include\opencv2\core\core_c.h(201,14): error C2182: “cvResetImageROI”: 非法使用“void”类型
E:\opencv\opencv4\build\include\opencv2\core\core_c.h(208,44): error C4430: 缺少类型说明符 - 假定为 int。注意: C++ 不支持默认 int
E:\opencv\opencv4\build\include\opencv2\core\core_c.h(208,44): error C2143: 语法错误: 缺少“,”(在“*”的前面)
E:\opencv\opencv4\build\include\opencv2\core\core_c.h(793,1): error C2143: 语法错误: 缺少“;”(在“*”的前面)
E:\opencv\opencv4\build\include\opencv2\core\core_c.h(793,1): error C4430: 缺少类型说明符 - 假定为 int。注意: C++ 不支持默认 int
E:\opencv\opencv4\build\include\opencv2\core\core_c.h(793,48): error C2061: 语法错误: 标识符“IplImage”
E:\opencv\opencv4\build\include\opencv2\core\core_c.h(793,72): error C4430: 缺少类型说明符 - 假定为 int。注意: C++ 不支持默认 int
E:\opencv\opencv4\build\include\opencv2\core\core_c.h(1935,17): error C2143: 语法错误: 缺少“;”(在“*”的前面)
E:\opencv\opencv4\build\include\opencv2\core\core_c.h(1935,17): error C4430: 缺少类型说明符 - 假定为 int。注意: C++ 不支持默认 int
E:\opencv\opencv4\build\include\opencv2\core\core_c.h(1935,17): error C2378: “IplImage”: 重定义；符号不能由 typedef 重载
E:\opencv\opencv4\build\include\opencv2\core\core_c.h(793): message : 参见“IplImage”的声明
E:\opencv\opencv4\build\include\opencv2\core\core_c.h(1937,37): error C2061: 语法错误: 标识符“IplImage”
E:\opencv\opencv4\build\include\opencv2\core\core_c.h(1937,66): error C4430: 缺少类型说明符 - 假定为 int。注意: C++ 不支持默认 int
E:\opencv\opencv4\build\include\opencv2\core\core_c.h(1938,61): error C2059: 语法错误:“,”
E:\opencv\opencv4\build\include\opencv2\core\core_c.h(1939,54): error C2059: 语法错误:“,”
E:\opencv\opencv4\build\include\opencv2\core\core_c.h(1941,17): error C2143: 语法错误: 缺少“;”(在“*”的前面)
E:\opencv\opencv4\build\include\opencv2\core\core_c.h(1941,17): error C4430: 缺少类型说明符 - 假定为 int。注意: C++ 不支持默认 int
E:\opencv\opencv4\build\include\opencv2\core\core_c.h(1941,17): error C2378: “IplImage”: 重定义；符号不能由 typedef 重载
E:\opencv\opencv4\build\include\opencv2\core\core_c.h(793): message : 参见“IplImage”的声明
E:\opencv\opencv4\build\include\opencv2\core\core_c.h(1941,64): error C4430: 缺少类型说明符 - 假定为 int。注意: C++ 不支持默认 int
E:\opencv\opencv4\build\include\opencv2\core\core_c.h(1941,64): error C2143: 语法错误: 缺少“,”(在“*”的前面)
E:\opencv\opencv4\build\include\opencv2\core\core_c.h(1941,66): error C4430: 缺少类型说明符 - 假定为 int。注意: C++ 不支持默认 int
E:\opencv\opencv4\build\include\opencv2\core\core_c.h(1959,57): error C2146: 语法错误: 缺少“)”(在标识符“create_header”的前面)
E:\opencv\opencv4\build\include\opencv2\core\core_c.h(2759,12): error C2923: “cv::DefaultDeleter”: 对于参数“Y”，“IplImage”不是有效的 模板 类型变量
E:\opencv\opencv4\build\include\opencv2\core\core_c.h(793): message : 参见“IplImage”的声明
E:\opencv\opencv4\build\include\opencv2\core\core_c.h(2759,96): error C2913: 显式专用化；“cv::DefaultDeleter”不是类模板的专用化
E:\opencv\opencv4\build\include\opencv2\core\core_c.h(2760,94): error C2913: 显式专用化；“cv::DefaultDeleter”不是类模板的专用化
E:\opencv\opencv4\build\include\opencv2\core\core_c.h(2761,102): error C2913: 显式专用化；“cv::DefaultDeleter”不是类模板的专用化
E:\opencv\opencv4\build\include\opencv2\core\core_c.h(2762,104): error C2913: 显式专用化；“cv::DefaultDeleter”不是类模板的专用化
E:\opencv\opencv4\build\include\opencv2\imgproc\imgproc_c.h(738,41): error C2065: “image”: 未声明的标识符
E:\opencv\opencv4\build\include\opencv2\imgproc\imgproc_c.h(738,61): error C2065: “hist”: 未声明的标识符
E:\opencv\opencv4\build\include\opencv2\imgproc\imgproc_c.h(738,48): error C2275: “CvHistogram”: 将此类型用作表达式非法
E:\opencv\opencv4\build\include\opencv2\core\types_c.h(817): message : 参见“CvHistogram”的声明
E:\opencv\opencv4\build\include\opencv2\imgproc\imgproc_c.h(739,30): error C2062: 意外的类型“int”
E:\opencv\opencv4\build\include\opencv2\imgproc\imgproc_c.h(741,1): error C2143: 语法错误: 缺少“;”(在“{”的前面)
E:\opencv\opencv4\build\include\opencv2\imgproc\imgproc_c.h(741,1): error C2447: “{”: 缺少函数标题(是否是老式的形式表?)
E:\opencv\opencv2410\opencv\build\include\opencv2\highgui\highgui.hpp(59,5): error C2365: “cv::WINDOW_NORMAL”: 重定义；以前的定义是“枚举数”
E:\opencv\opencv4\build\include\opencv2\highgui.hpp(187): message : 参见“cv::WINDOW_NORMAL”的声明
E:\opencv\opencv2410\opencv\build\include\opencv2\highgui\highgui.hpp(60,5): error C2365: “cv::WINDOW_AUTOSIZE”: 重定义；以前的定义是“枚举数”
E:\opencv\opencv4\build\include\opencv2\highgui.hpp(188): message : 参见“cv::WINDOW_AUTOSIZE”的声明
E:\opencv\opencv2410\opencv\build\include\opencv2\highgui\highgui.hpp(61,5): error C2365: “cv::WINDOW_OPENGL”: 重定义；以前的定义是“枚举数”
E:\opencv\opencv4\build\include\opencv2\highgui.hpp(189): message : 参见“cv::WINDOW_OPENGL”的声明
E:\opencv\opencv2410\opencv\build\include\opencv2\highgui\highgui.hpp(64,5): error C2365: “cv::WND_PROP_FULLSCREEN”: 重定义；以前的定义是“枚举数”
E:\opencv\opencv4\build\include\opencv2\highgui.hpp(200): message : 参见“cv::WND_PROP_FULLSCREEN”的声明
E:\opencv\opencv2410\opencv\build\include\opencv2\highgui\highgui.hpp(65,5): error C2365: “cv::WND_PROP_AUTOSIZE”: 重定义；以前的定义是“枚举数”
E:\opencv\opencv4\build\include\opencv2\highgui.hpp(201): message : 参见“cv::WND_PROP_AUTOSIZE”的声明
E:\opencv\opencv2410\opencv\build\include\opencv2\highgui\highgui.hpp(66,5): error C2365: “cv::WND_PROP_ASPECT_RATIO”: 重定义；以前的定义是“枚举数”
E:\opencv\opencv4\build\include\opencv2\highgui.hpp(202): message : 参见“cv::WND_PROP_ASPECT_RATIO”的声明
E:\opencv\opencv2410\opencv\build\include\opencv2\highgui\highgui.hpp(67,5): error C2365: “cv::WND_PROP_OPENGL”: 重定义；以前的定义是“枚举数”
E:\opencv\opencv4\build\include\opencv2\highgui.hpp(203): message : 参见“cv::WND_PROP_OPENGL”的声明
E:\opencv\opencv2410\opencv\build\include\opencv2\highgui\highgui.hpp(68,1): fatal error C1003: 错误计数超过 100；正在停止编译
  VocabularyTree.cpp
  正在生成代码...
D:\opencv\VocabularyTree\VocabularyTree-master\VocabularyTree\common.cpp(141): warning C4715: “DirectoryList”: 不是所有的控件路径都返回值
