F:\C++\VOCABULARYTREE\VOCABULARYTREE\X64\DEBUG\VOCABULARYTREE.OBJ
F:\C++\VOCABULARYTREE\VOCABULARYTREE\X64\DEBUG\UTILS.OBJ
F:\C++\VOCABULARYTREE\VOCABULARYTREE\X64\DEBUG\SIFT.OBJ
F:\C++\VOCABULARYTREE\VOCABULARYTREE\X64\DEBUG\MAIN.OBJ
F:\C++\VOCABULARYTREE\VOCABULARYTREE\X64\DEBUG\VC110.PDB
F:\C++\VOCABULARYTREE\X64\DEBUG\VOCABULARYTREE.ILK
F:\C++\VOCABULARYTREE\X64\DEBUG\VOCABULARYTREE.EXE
F:\C++\VOCABULARYTREE\X64\DEBUG\VOCABULARYTREE.PDB
F:\C++\VocabularyTree\VocabularyTree\x64\Debug\main.obj
F:\C++\VocabularyTree\VocabularyTree\x64\Debug\sift.obj
F:\C++\VocabularyTree\VocabularyTree\x64\Debug\utils.obj
F:\C++\VocabularyTree\VocabularyTree\x64\Debug\VocabularyTree.obj
F:\C++\VocabularyTree\VocabularyTree\x64\Debug\cl.command.1.tlog
F:\C++\VocabularyTree\VocabularyTree\x64\Debug\CL.read.1.tlog
F:\C++\VocabularyTree\VocabularyTree\x64\Debug\CL.write.1.tlog
F:\C++\VocabularyTree\VocabularyTree\x64\Debug\link-cvtres.read.1.tlog
F:\C++\VocabularyTree\VocabularyTree\x64\Debug\link-cvtres.write.1.tlog
F:\C++\VocabularyTree\VocabularyTree\x64\Debug\link-rc.read.1.tlog
F:\C++\VocabularyTree\VocabularyTree\x64\Debug\link-rc.write.1.tlog
F:\C++\VocabularyTree\VocabularyTree\x64\Debug\link.command.1.tlog
F:\C++\VocabularyTree\VocabularyTree\x64\Debug\link.read.1.tlog
F:\C++\VocabularyTree\VocabularyTree\x64\Debug\link.write.1.tlog
F:\C++\VocabularyTree\VocabularyTree\x64\Debug\vc110.pdb
F:\C++\VocabularyTree\x64\Debug\VocabularyTree.pdb
F:\C++\VocabularyTree\x64\Debug\VocabularyTree.exe
F:\C++\VocabularyTree\x64\Debug\VocabularyTree.ilk
